2025-05-04 14:07:44,930 - __main__ - INFO - Starting new session. Logging to: logs\mindmap_session_20250504_140744.log
2025-05-04 14:07:44,951 - __main__ - INFO - Loading persisted data for new session
2025-05-04 14:07:44,952 - __main__ - INFO - Loaded data with 31 nodes
2025-05-04 14:07:45,162 - __main__ - INFO - Creating nodes with central node ID: 0
2025-05-04 14:07:45,162 - __main__ - DEBUG - Coloring node 0 with tag='personal', urgency='low', mode='tag'
2025-05-04 14:07:45,162 - src.utils - DEBUG - Using custom color for tag 'personal': #9C27B0
2025-05-04 14:07:45,163 - __main__ - DEBUG - Node 0: Using tag color #9C27B0 for tag 'personal'
2025-05-04 14:07:45,163 - __main__ - INFO - Applying special highlighting to central node 0
2025-05-04 14:07:45,164 - __main__ - DEBUG - Coloring node 1 with tag='research', urgency='medium', mode='tag'
2025-05-04 14:07:45,164 - src.utils - DEBUG - Using custom color for tag 'research': #9441ea
2025-05-04 14:07:45,164 - __main__ - DEBUG - Node 1: Using tag color #9441ea for tag 'research'
2025-05-04 14:07:45,165 - __main__ - DEBUG - Coloring node 2 with tag='work', urgency='medium', mode='tag'
2025-05-04 14:07:45,165 - src.utils - DEBUG - Using custom color for tag 'work': #2196F3
2025-05-04 14:07:45,165 - __main__ - DEBUG - Node 2: Using tag color #2196F3 for tag 'work'
2025-05-04 14:07:45,165 - __main__ - DEBUG - Coloring node 4 with tag='work', urgency='medium', mode='tag'
2025-05-04 14:07:45,166 - src.utils - DEBUG - Using custom color for tag 'work': #2196F3
2025-05-04 14:07:45,166 - __main__ - DEBUG - Node 4: Using tag color #2196F3 for tag 'work'
2025-05-04 14:07:45,167 - __main__ - DEBUG - Coloring node 5 with tag='personal', urgency='low', mode='tag'
2025-05-04 14:07:45,167 - src.utils - DEBUG - Using custom color for tag 'personal': #9C27B0
2025-05-04 14:07:45,168 - __main__ - DEBUG - Node 5: Using tag color #9C27B0 for tag 'personal'
2025-05-04 14:07:45,168 - __main__ - DEBUG - Coloring node 6 with tag='work', urgency='medium', mode='tag'
2025-05-04 14:07:45,169 - src.utils - DEBUG - Using custom color for tag 'work': #2196F3
2025-05-04 14:07:45,169 - __main__ - DEBUG - Node 6: Using tag color #2196F3 for tag 'work'
2025-05-04 14:07:45,169 - __main__ - DEBUG - Coloring node 7 with tag='work', urgency='high', mode='tag'
2025-05-04 14:07:45,170 - src.utils - DEBUG - Using custom color for tag 'work': #2196F3
2025-05-04 14:07:45,170 - __main__ - DEBUG - Node 7: Using tag color #2196F3 for tag 'work'
2025-05-04 14:07:45,170 - __main__ - DEBUG - Coloring node 8 with tag='work', urgency='high', mode='tag'
2025-05-04 14:07:45,170 - src.utils - DEBUG - Using custom color for tag 'work': #2196F3
2025-05-04 14:07:45,171 - __main__ - DEBUG - Node 8: Using tag color #2196F3 for tag 'work'
2025-05-04 14:07:45,171 - __main__ - DEBUG - Coloring node 9 with tag='work', urgency='high', mode='tag'
2025-05-04 14:07:45,171 - src.utils - DEBUG - Using custom color for tag 'work': #2196F3
2025-05-04 14:07:45,171 - __main__ - DEBUG - Node 9: Using tag color #2196F3 for tag 'work'
2025-05-04 14:07:45,172 - __main__ - DEBUG - Coloring node 10 with tag='work', urgency='high', mode='tag'
2025-05-04 14:07:45,172 - src.utils - DEBUG - Using custom color for tag 'work': #2196F3
2025-05-04 14:07:45,172 - __main__ - DEBUG - Node 10: Using tag color #2196F3 for tag 'work'
2025-05-04 14:07:45,172 - __main__ - DEBUG - Coloring node 11 with tag='research', urgency='medium', mode='tag'
2025-05-04 14:07:45,172 - src.utils - DEBUG - Using custom color for tag 'research': #9441ea
2025-05-04 14:07:45,172 - __main__ - DEBUG - Node 11: Using tag color #9441ea for tag 'research'
2025-05-04 14:07:45,173 - __main__ - DEBUG - Coloring node 12 with tag='research', urgency='medium', mode='tag'
2025-05-04 14:07:45,173 - src.utils - DEBUG - Using custom color for tag 'research': #9441ea
2025-05-04 14:07:45,173 - __main__ - DEBUG - Node 12: Using tag color #9441ea for tag 'research'
2025-05-04 14:07:45,173 - __main__ - DEBUG - Coloring node 13 with tag='project', urgency='medium', mode='tag'
2025-05-04 14:07:45,174 - src.utils - DEBUG - Using custom color for tag 'project': #25af55
2025-05-04 14:07:45,174 - __main__ - DEBUG - Node 13: Using tag color #25af55 for tag 'project'
2025-05-04 14:07:45,175 - __main__ - DEBUG - Coloring node 14 with tag='project', urgency='medium', mode='tag'
2025-05-04 14:07:45,175 - src.utils - DEBUG - Using custom color for tag 'project': #25af55
2025-05-04 14:07:45,175 - __main__ - DEBUG - Node 14: Using tag color #25af55 for tag 'project'
2025-05-04 14:07:45,176 - __main__ - DEBUG - Coloring node 15 with tag='project', urgency='medium', mode='tag'
2025-05-04 14:07:45,176 - src.utils - DEBUG - Using custom color for tag 'project': #25af55
2025-05-04 14:07:45,176 - __main__ - DEBUG - Node 15: Using tag color #25af55 for tag 'project'
2025-05-04 14:07:45,176 - __main__ - DEBUG - Coloring node 16 with tag='project', urgency='medium', mode='tag'
2025-05-04 14:07:45,176 - src.utils - DEBUG - Using custom color for tag 'project': #25af55
2025-05-04 14:07:45,177 - __main__ - DEBUG - Node 16: Using tag color #25af55 for tag 'project'
2025-05-04 14:07:45,177 - __main__ - DEBUG - Coloring node 17 with tag='project', urgency='medium', mode='tag'
2025-05-04 14:07:45,177 - src.utils - DEBUG - Using custom color for tag 'project': #25af55
2025-05-04 14:07:45,177 - __main__ - DEBUG - Node 17: Using tag color #25af55 for tag 'project'
2025-05-04 14:07:45,177 - __main__ - DEBUG - Coloring node 18 with tag='project', urgency='medium', mode='tag'
2025-05-04 14:07:45,177 - src.utils - DEBUG - Using custom color for tag 'project': #25af55
2025-05-04 14:07:45,178 - __main__ - DEBUG - Node 18: Using tag color #25af55 for tag 'project'
2025-05-04 14:07:45,178 - __main__ - DEBUG - Coloring node 19 with tag='project', urgency='medium', mode='tag'
2025-05-04 14:07:45,178 - src.utils - DEBUG - Using custom color for tag 'project': #25af55
2025-05-04 14:07:45,178 - __main__ - DEBUG - Node 19: Using tag color #25af55 for tag 'project'
2025-05-04 14:07:45,178 - __main__ - DEBUG - Coloring node 20 with tag='project', urgency='medium', mode='tag'
2025-05-04 14:07:45,178 - src.utils - DEBUG - Using custom color for tag 'project': #25af55
2025-05-04 14:07:45,179 - __main__ - DEBUG - Node 20: Using tag color #25af55 for tag 'project'
2025-05-04 14:07:45,179 - __main__ - DEBUG - Coloring node 21 with tag='project', urgency='medium', mode='tag'
2025-05-04 14:07:45,179 - src.utils - DEBUG - Using custom color for tag 'project': #25af55
2025-05-04 14:07:45,179 - __main__ - DEBUG - Node 21: Using tag color #25af55 for tag 'project'
2025-05-04 14:07:45,179 - __main__ - DEBUG - Coloring node 22 with tag='project', urgency='medium', mode='tag'
2025-05-04 14:07:45,180 - src.utils - DEBUG - Using custom color for tag 'project': #25af55
2025-05-04 14:07:45,180 - __main__ - DEBUG - Node 22: Using tag color #25af55 for tag 'project'
2025-05-04 14:07:45,180 - __main__ - DEBUG - Coloring node 23 with tag='research', urgency='medium', mode='tag'
2025-05-04 14:07:45,180 - src.utils - DEBUG - Using custom color for tag 'research': #9441ea
2025-05-04 14:07:45,181 - __main__ - DEBUG - Node 23: Using tag color #9441ea for tag 'research'
2025-05-04 14:07:45,181 - __main__ - DEBUG - Coloring node 24 with tag='research', urgency='medium', mode='tag'
2025-05-04 14:07:45,181 - src.utils - DEBUG - Using custom color for tag 'research': #9441ea
2025-05-04 14:07:45,181 - __main__ - DEBUG - Node 24: Using tag color #9441ea for tag 'research'
2025-05-04 14:07:45,182 - __main__ - DEBUG - Coloring node 25 with tag='research', urgency='medium', mode='tag'
2025-05-04 14:07:45,182 - src.utils - DEBUG - Using custom color for tag 'research': #9441ea
2025-05-04 14:07:45,182 - __main__ - DEBUG - Node 25: Using tag color #9441ea for tag 'research'
2025-05-04 14:07:45,183 - __main__ - DEBUG - Coloring node 26 with tag='research', urgency='medium', mode='tag'
2025-05-04 14:07:45,183 - src.utils - DEBUG - Using custom color for tag 'research': #9441ea
2025-05-04 14:07:45,183 - __main__ - DEBUG - Node 26: Using tag color #9441ea for tag 'research'
2025-05-04 14:07:45,184 - __main__ - DEBUG - Coloring node 27 with tag='research', urgency='medium', mode='tag'
2025-05-04 14:07:45,184 - src.utils - DEBUG - Using custom color for tag 'research': #9441ea
2025-05-04 14:07:45,184 - __main__ - DEBUG - Node 27: Using tag color #9441ea for tag 'research'
2025-05-04 14:07:45,184 - __main__ - DEBUG - Coloring node 29 with tag='task', urgency='medium', mode='tag'
2025-05-04 14:07:45,184 - src.utils - DEBUG - Using custom color for tag 'task': #FF9800
2025-05-04 14:07:45,184 - __main__ - DEBUG - Node 29: Using tag color #FF9800 for tag 'task'
2025-05-04 14:07:45,185 - __main__ - DEBUG - Coloring node 30 with tag='personal', urgency='medium', mode='tag'
2025-05-04 14:07:45,185 - src.utils - DEBUG - Using custom color for tag 'personal': #9C27B0
2025-05-04 14:07:45,185 - __main__ - DEBUG - Node 30: Using tag color #9C27B0 for tag 'personal'
2025-05-04 14:07:45,185 - __main__ - DEBUG - Coloring node 31 with tag='research', urgency='medium', mode='tag'
2025-05-04 14:07:45,185 - src.utils - DEBUG - Using custom color for tag 'research': #9441ea
2025-05-04 14:07:45,185 - __main__ - DEBUG - Node 31: Using tag color #9441ea for tag 'research'
2025-05-04 14:07:45,185 - __main__ - DEBUG - Coloring node 32 with tag='work', urgency='medium', mode='tag'
2025-05-04 14:07:45,186 - src.utils - DEBUG - Using custom color for tag 'work': #2196F3
2025-05-04 14:07:45,186 - __main__ - DEBUG - Node 32: Using tag color #2196F3 for tag 'work'
2025-05-04 14:07:45,216 - __main__ - INFO - Query parameters: action=None, payload=None
2025-05-04 14:07:45,216 - __main__ - INFO - Using central node ID: 0
2025-05-04 14:07:45,217 - __main__ - INFO - Found node for central ID: True
2025-05-04 14:07:45,217 - __main__ - INFO - Total nodes in ideas: 31
2025-05-04 14:07:45,219 - __main__ - INFO - Displaying node: 0 - ME
