2025-05-04 14:08:19,302 - __main__ - INFO - Starting new session. Logging to: logs\mindmap_session_20250504_140819.log
2025-05-04 14:08:19,447 - __main__ - INFO - Starting new session. Logging to: logs\mindmap_session_20250504_140819.log
2025-05-04 14:08:19,570 - __main__ - INFO - Creating nodes with central node ID: 1
2025-05-04 14:08:19,571 - __main__ - DEBUG - Coloring node 0 with tag='personal', urgency='low', mode='urgency'
2025-05-04 14:08:19,571 - __main__ - DEBUG - Node 0: Using urgency color #4CAF50 for 'low'
2025-05-04 14:08:19,571 - __main__ - DEBUG - Coloring node 1 with tag='research', urgency='medium', mode='urgency'
2025-05-04 14:08:19,655 - __main__ - DEBUG - Node 1: Using urgency color #FFC107 for 'medium'
2025-05-04 14:08:19,655 - __main__ - INFO - Applying special highlighting to central node 1
2025-05-04 14:08:19,655 - __main__ - DEBUG - Coloring node 2 with tag='work', urgency='medium', mode='urgency'
2025-05-04 14:08:19,656 - __main__ - DEBUG - Node 2: Using urgency color #FFC107 for 'medium'
2025-05-04 14:08:19,656 - __main__ - DEBUG - Coloring node 4 with tag='work', urgency='medium', mode='urgency'
2025-05-04 14:08:19,656 - __main__ - DEBUG - Node 4: Using urgency color #FFC107 for 'medium'
2025-05-04 14:08:19,656 - __main__ - DEBUG - Coloring node 5 with tag='personal', urgency='low', mode='urgency'
2025-05-04 14:08:19,656 - __main__ - DEBUG - Node 5: Using urgency color #4CAF50 for 'low'
2025-05-04 14:08:19,657 - __main__ - DEBUG - Coloring node 6 with tag='work', urgency='medium', mode='urgency'
2025-05-04 14:08:19,657 - __main__ - DEBUG - Node 6: Using urgency color #FFC107 for 'medium'
2025-05-04 14:08:19,657 - __main__ - DEBUG - Coloring node 7 with tag='work', urgency='high', mode='urgency'
2025-05-04 14:08:19,657 - __main__ - DEBUG - Node 7: Using urgency color #FF5252 for 'high'
2025-05-04 14:08:19,657 - __main__ - DEBUG - Coloring node 8 with tag='work', urgency='high', mode='urgency'
2025-05-04 14:08:19,657 - __main__ - DEBUG - Node 8: Using urgency color #FF5252 for 'high'
2025-05-04 14:08:19,657 - __main__ - DEBUG - Coloring node 9 with tag='work', urgency='high', mode='urgency'
2025-05-04 14:08:19,657 - __main__ - DEBUG - Node 9: Using urgency color #FF5252 for 'high'
2025-05-04 14:08:19,658 - __main__ - DEBUG - Coloring node 10 with tag='work', urgency='high', mode='urgency'
2025-05-04 14:08:19,658 - __main__ - DEBUG - Node 10: Using urgency color #FF5252 for 'high'
2025-05-04 14:08:19,658 - __main__ - DEBUG - Coloring node 11 with tag='research', urgency='medium', mode='urgency'
2025-05-04 14:08:19,658 - __main__ - DEBUG - Node 11: Using urgency color #FFC107 for 'medium'
2025-05-04 14:08:19,658 - __main__ - DEBUG - Coloring node 12 with tag='research', urgency='medium', mode='urgency'
2025-05-04 14:08:19,658 - __main__ - DEBUG - Node 12: Using urgency color #FFC107 for 'medium'
2025-05-04 14:08:19,658 - __main__ - DEBUG - Coloring node 13 with tag='project', urgency='medium', mode='urgency'
2025-05-04 14:08:19,658 - __main__ - DEBUG - Node 13: Using urgency color #FFC107 for 'medium'
2025-05-04 14:08:19,658 - __main__ - DEBUG - Coloring node 14 with tag='project', urgency='medium', mode='urgency'
2025-05-04 14:08:19,659 - __main__ - DEBUG - Node 14: Using urgency color #FFC107 for 'medium'
2025-05-04 14:08:19,659 - __main__ - DEBUG - Coloring node 15 with tag='project', urgency='medium', mode='urgency'
2025-05-04 14:08:19,659 - __main__ - DEBUG - Node 15: Using urgency color #FFC107 for 'medium'
2025-05-04 14:08:19,659 - __main__ - DEBUG - Coloring node 16 with tag='project', urgency='medium', mode='urgency'
2025-05-04 14:08:19,659 - __main__ - DEBUG - Node 16: Using urgency color #FFC107 for 'medium'
2025-05-04 14:08:19,659 - __main__ - DEBUG - Coloring node 17 with tag='project', urgency='medium', mode='urgency'
2025-05-04 14:08:19,659 - __main__ - DEBUG - Node 17: Using urgency color #FFC107 for 'medium'
2025-05-04 14:08:19,660 - __main__ - DEBUG - Coloring node 18 with tag='project', urgency='medium', mode='urgency'
2025-05-04 14:08:19,660 - __main__ - DEBUG - Node 18: Using urgency color #FFC107 for 'medium'
2025-05-04 14:08:19,660 - __main__ - DEBUG - Coloring node 19 with tag='project', urgency='medium', mode='urgency'
2025-05-04 14:08:19,660 - __main__ - DEBUG - Node 19: Using urgency color #FFC107 for 'medium'
2025-05-04 14:08:19,660 - __main__ - DEBUG - Coloring node 20 with tag='project', urgency='medium', mode='urgency'
2025-05-04 14:08:19,660 - __main__ - DEBUG - Node 20: Using urgency color #FFC107 for 'medium'
2025-05-04 14:08:19,660 - __main__ - DEBUG - Coloring node 21 with tag='project', urgency='medium', mode='urgency'
2025-05-04 14:08:19,660 - __main__ - DEBUG - Node 21: Using urgency color #FFC107 for 'medium'
2025-05-04 14:08:19,661 - __main__ - DEBUG - Coloring node 22 with tag='project', urgency='medium', mode='urgency'
2025-05-04 14:08:19,661 - __main__ - DEBUG - Node 22: Using urgency color #FFC107 for 'medium'
2025-05-04 14:08:19,661 - __main__ - DEBUG - Coloring node 23 with tag='research', urgency='medium', mode='urgency'
2025-05-04 14:08:19,661 - __main__ - DEBUG - Node 23: Using urgency color #FFC107 for 'medium'
2025-05-04 14:08:19,661 - __main__ - DEBUG - Coloring node 24 with tag='research', urgency='medium', mode='urgency'
2025-05-04 14:08:19,661 - __main__ - DEBUG - Node 24: Using urgency color #FFC107 for 'medium'
2025-05-04 14:08:19,661 - __main__ - DEBUG - Coloring node 25 with tag='research', urgency='medium', mode='urgency'
2025-05-04 14:08:19,661 - __main__ - DEBUG - Node 25: Using urgency color #FFC107 for 'medium'
2025-05-04 14:08:19,661 - __main__ - DEBUG - Coloring node 26 with tag='research', urgency='medium', mode='urgency'
2025-05-04 14:08:19,661 - __main__ - DEBUG - Node 26: Using urgency color #FFC107 for 'medium'
2025-05-04 14:08:19,661 - __main__ - DEBUG - Coloring node 27 with tag='research', urgency='medium', mode='urgency'
2025-05-04 14:08:19,662 - __main__ - DEBUG - Node 27: Using urgency color #FFC107 for 'medium'
2025-05-04 14:08:19,662 - __main__ - DEBUG - Coloring node 29 with tag='task', urgency='medium', mode='urgency'
2025-05-04 14:08:19,662 - __main__ - DEBUG - Node 29: Using urgency color #FFC107 for 'medium'
2025-05-04 14:08:19,662 - __main__ - DEBUG - Coloring node 30 with tag='personal', urgency='medium', mode='urgency'
2025-05-04 14:08:19,662 - __main__ - DEBUG - Node 30: Using urgency color #FFC107 for 'medium'
2025-05-04 14:08:19,662 - __main__ - DEBUG - Coloring node 31 with tag='research', urgency='medium', mode='urgency'
2025-05-04 14:08:19,662 - __main__ - DEBUG - Node 31: Using urgency color #FFC107 for 'medium'
2025-05-04 14:08:19,662 - __main__ - DEBUG - Coloring node 32 with tag='work', urgency='medium', mode='urgency'
2025-05-04 14:08:19,662 - __main__ - DEBUG - Node 32: Using urgency color #FFC107 for 'medium'
2025-05-04 14:08:19,681 - __main__ - INFO - Query parameters: action=None, payload=None
2025-05-04 14:08:19,682 - __main__ - INFO - Using central node ID: 1
2025-05-04 14:08:19,683 - __main__ - INFO - Found node for central ID: True
2025-05-04 14:08:19,685 - __main__ - INFO - Total nodes in ideas: 31
2025-05-04 14:08:19,688 - __main__ - INFO - Displaying node: 1 - Learning & Dev
